[ 2026-03-07 16:38:54,789 ] 23 root - INFO - Initiate the data ingestion
[ 2026-03-07 16:38:54,789 ] 76 root - INFO - Starting data ingestion process
[ 2026-03-07 16:38:57,330 ] 44 root - INFO - Exporting data into feature store
[ 2026-03-07 16:38:57,385 ] 49 root - INFO - Data exported to feature store at Artifacts\03_07_2026_16_38_54\data_ingestion\feature_store\phisingData.csv
[ 2026-03-07 16:38:57,385 ] 57 root - INFO - Splitting data into train and test sets
[ 2026-03-07 16:38:57,444 ] 69 root - INFO - Data split into train and test sets at Artifacts\03_07_2026_16_38_54\data_ingestion\ingested\train.csv and Artifacts\03_07_2026_16_38_54\data_ingestion\ingested\test.csv
[ 2026-03-07 16:38:57,444 ] 84 root - INFO - Data ingestion process completed with artifact: DataIngestionArtifact(training_file_path='Artifacts\\03_07_2026_16_38_54\\data_ingestion\\ingested\\train.csv', testing_file_path='Artifacts\\03_07_2026_16_38_54\\data_ingestion\\ingested\\test.csv')
[ 2026-03-07 16:38:57,498 ] 25 root - INFO - Data Initiation Completed
[ 2026-03-07 16:38:57,507 ] 28 root - INFO - Initiate the data validation
[ 2026-03-07 16:38:57,686 ] 36 root - INFO - Expected number of columns: 31
[ 2026-03-07 16:38:57,686 ] 37 root - INFO - Actual number of columns: 31
[ 2026-03-07 16:38:57,686 ] 36 root - INFO - Expected number of columns: 31
[ 2026-03-07 16:38:57,687 ] 37 root - INFO - Actual number of columns: 31
[ 2026-03-07 16:38:57,810 ] 30 root - INFO - Data Validation Completed
[ 2026-03-07 16:38:57,810 ] 32 root - INFO - Data transformation has Started
[ 2026-03-07 16:38:57,810 ] 63 root - INFO - Entered initiate_data_transformation method of DataTransformation class
[ 2026-03-07 16:38:57,810 ] 65 root - INFO - Starting data transformation
[ 2026-03-07 16:38:57,894 ] 48 root - INFO - Entered get_data_trnasformer_object method of Trnasformation class
[ 2026-03-07 16:38:57,895 ] 53 root - INFO - Initialise KNNImputer with {'missing_values': nan, 'n_neighbors': 3, 'weights': 'uniform'}
[ 2026-03-07 16:38:57,908 ] 38 root - INFO - Saving object
[ 2026-03-07 16:38:57,913 ] 44 root - INFO - Object saved successfully
[ 2026-03-07 16:38:57,913 ] 38 root - INFO - Saving object
[ 2026-03-07 16:38:57,917 ] 44 root - INFO - Object saved successfully
[ 2026-03-07 16:38:57,917 ] 37 root - INFO - Data transformation has Completed
